<?xml version="1.0" encoding="UTF-8"?>
<!-- Generated by org.testng.reporters.JUnitReportReporter -->
<testsuite hostname="Chandani" name="unitTest.TestBrowserFactory" tests="1" failures="0" timestamp="1 Jul 2018 05:00:50 GMT" time="7.961" errors="0">
  <testcase name="checkBrowserInstance" time="7.961" classname="unitTest.TestBrowserFactory"/>
</testsuite> <!-- unitTest.TestBrowserFactory -->
