<?xml version="1.0" encoding="UTF-8"?>
<!-- Generated by org.testng.reporters.JUnitReportReporter -->
<testsuite hostname="Chandani" name="testcases.APITest" tests="1" failures="0" timestamp="12 Aug 2018 16:37:36 GMT" time="9.152" errors="0">
  <testcase name="testResponseCode" time="9.152" classname="testcases.APITest"/>
</testsuite> <!-- testcases.APITest -->
