<?xml version="1.0" encoding="UTF-8"?>
<!-- Generated by org.testng.reporters.JUnitReportReporter -->
<testsuite hostname="Chandani" name="testcases.VerifyLoginPageDataDriven2" tests="1" failures="0" timestamp="7 Jul 2018 19:33:28 GMT" time="34.675" errors="0">
  <testcase name="validLogin" time="34.675" classname="testcases.VerifyLoginPageDataDriven2"/>
</testsuite> <!-- testcases.VerifyLoginPageDataDriven2 -->
