<?xml version="1.0" encoding="UTF-8"?>
<!-- Generated by org.testng.reporters.JUnitReportReporter -->
<testsuite hostname="Chandani" name="unitTest.VerifyDataProvider" tests="2" failures="0" timestamp="1 Jul 2018 04:53:00 GMT" time="0.801" errors="0">
  <testcase name="testExcel" time="0.785" classname="unitTest.VerifyDataProvider"/>
  <testcase name="testConfig" time="0.016" classname="unitTest.VerifyDataProvider"/>
</testsuite> <!-- unitTest.VerifyDataProvider -->
