<?xml version="1.0" encoding="UTF-8"?>
<!-- Generated by org.testng.reporters.JUnitReportReporter -->
<testsuite hostname="Chandani" name="testcases.CreateContacts" tests="1" failures="0" timestamp="8 Jul 2018 05:04:01 GMT" time="21.827" errors="0">
  <testcase name="validLogin" time="21.827" classname="testcases.CreateContacts"/>
</testsuite> <!-- testcases.CreateContacts -->
