<?xml version="1.0" encoding="UTF-8"?>
<!-- Generated by org.testng.reporters.JUnitReportReporter -->
<testsuite hostname="Chandani" name="testcases.VerifyLoginPageValid" tests="1" failures="0" timestamp="7 Jul 2018 04:18:47 GMT" time="7.618" errors="0">
  <testcase name="validLogin" time="7.618" classname="testcases.VerifyLoginPageValid"/>
</testsuite> <!-- testcases.VerifyLoginPageValid -->
